ime1/app/build/outputs/logs/manifest-merger-debug-report.txt
-- Merging decision tree log ---
manifest
ADDED from src\main\AndroidManifest.xml:1:1-22:12
	package
		ADDED from src\main\AndroidManifest.xml:2:9-51
		INJECTED from src\main\AndroidManifest.xml
		INJECTED from src\main\AndroidManifest.xml
	android:versionName
		INJECTED from src\main\AndroidManifest.xml
		INJECTED from src\main\AndroidManifest.xml
	xmlns:android
		ADDED from src\main\AndroidManifest.xml:1:11-69
	android:versionCode
		INJECTED from src\main\AndroidManifest.xml
		INJECTED from src\main\AndroidManifest.xml
uses-sdk
ADDED from src\main\AndroidManifest.xml:4:5-100
	android:maxSdkVersion
		ADDED from src\main\AndroidManifest.xml:4:72-98
	android:targetSdkVersion
		ADDED from src\main\AndroidManifest.xml:4:42-71
		INJECTED from src\main\AndroidManifest.xml
		INJECTED from src\main\AndroidManifest.xml
	android:minSdkVersion
		ADDED from src\main\AndroidManifest.xml:4:15-41
		INJECTED from src\main\AndroidManifest.xml
		INJECTED from src\main\AndroidManifest.xml
application
ADDED from src\main\AndroidManifest.xml:6:5-21:19
	android:label
		ADDED from src\main\AndroidManifest.xml:6:18-50
service#com.example.android.softkeyboard.SoftKeyboard
ADDED from src\main\AndroidManifest.xml:7:9-13:19
	android:permission
		ADDED from src\main\AndroidManifest.xml:8:17-74
	android:name
		ADDED from src\main\AndroidManifest.xml:7:18-45
intent-filter#android.view.InputMethod
ADDED from src\main\AndroidManifest.xml:9:13-11:29
action#android.view.InputMethod
ADDED from src\main\AndroidManifest.xml:10:17-67
	android:name
		ADDED from src\main\AndroidManifest.xml:10:25-64
meta-data#android.view.im
ADDED from src\main\AndroidManifest.xml:12:13-88
	android:resource
		ADDED from src\main\AndroidManifest.xml:12:55-85
	android:name
		ADDED from src\main\AndroidManifest.xml:12:24-54
activity#com.example.android.softkeyboard.ImePreferences
ADDED from src\main\AndroidManifest.xml:15:9-19:20
	android:label
		ADDED from src\main\AndroidManifest.xml:15:50-87
	android:name
		ADDED from src\main\AndroidManifest.xml:15:19-49
intent-filter#android.intent.action.MAIN
ADDED from src\main\AndroidManifest.xml:16:13-18:29
action#android.intent.action.MAIN
ADDED from src\main\AndroidManifest.xml:17:17-68
	android:name
		ADDED from src\main\AndroidManifest.xml:17:25-66